running egg_info
creating ../../build/communication/communication.egg-info
writing ../../build/communication/communication.egg-info/PKG-INFO
writing dependency_links to ../../build/communication/communication.egg-info/dependency_links.txt
writing entry points to ../../build/communication/communication.egg-info/entry_points.txt
writing requirements to ../../build/communication/communication.egg-info/requires.txt
writing top-level names to ../../build/communication/communication.egg-info/top_level.txt
writing manifest file '../../build/communication/communication.egg-info/SOURCES.txt'
reading manifest file '../../build/communication/communication.egg-info/SOURCES.txt'
writing manifest file '../../build/communication/communication.egg-info/SOURCES.txt'
running build
running build_py
creating /home/jivankesan/watdig2024/build/communication/build
/usr/lib/python3/dist-packages/setuptools/command/install.py:34: SetuptoolsDeprecationWarning: setup.py install is deprecated. Use build and pip and other standards-based tools.
  warnings.warn(
creating /home/jivankesan/watdig2024/build/communication/build/lib
creating /home/jivankesan/watdig2024/build/communication/build/lib/communication
copying communication/__init__.py -> /home/jivankesan/watdig2024/build/communication/build/lib/communication
running install
running install_lib
creating /home/jivankesan/watdig2024/install/communication/lib/python3.10/site-packages/communication
copying /home/jivankesan/watdig2024/build/communication/build/lib/communication/__init__.py -> /home/jivankesan/watdig2024/install/communication/lib/python3.10/site-packages/communication
byte-compiling /home/jivankesan/watdig2024/install/communication/lib/python3.10/site-packages/communication/__init__.py to __init__.cpython-310.pyc
running install_data
creating /home/jivankesan/watdig2024/install/communication/share/ament_index
creating /home/jivankesan/watdig2024/install/communication/share/ament_index/resource_index
creating /home/jivankesan/watdig2024/install/communication/share/ament_index/resource_index/packages
copying resource/communication -> /home/jivankesan/watdig2024/install/communication/share/ament_index/resource_index/packages
copying package.xml -> /home/jivankesan/watdig2024/install/communication/share/communication
running install_egg_info
Copying ../../build/communication/communication.egg-info to /home/jivankesan/watdig2024/install/communication/lib/python3.10/site-packages/communication-0.0.0-py3.10.egg-info
running install_scripts
writing list of installed files to '/home/jivankesan/watdig2024/build/communication/install.log'
