[0.973s] Invoking command in '/home/jivankesan/watdig2024/src/sensor_integration': PYTHONPATH=/home/jivankesan/watdig2024/build/sensor_integration/prefix_override:/home/jivankesan/watdig2024/install/sensor_integration/lib/python3.10/site-packages:${PYTHONPATH} /usr/bin/python3 setup.py egg_info --egg-base ../../build/sensor_integration build --build-base /home/jivankesan/watdig2024/build/sensor_integration/build install --record /home/jivankesan/watdig2024/build/sensor_integration/install.log --single-version-externally-managed
[1.093s] running egg_info
[1.094s] writing ../../build/sensor_integration/sensor_integration.egg-info/PKG-INFO
[1.094s] writing dependency_links to ../../build/sensor_integration/sensor_integration.egg-info/dependency_links.txt
[1.094s] writing entry points to ../../build/sensor_integration/sensor_integration.egg-info/entry_points.txt
[1.094s] writing requirements to ../../build/sensor_integration/sensor_integration.egg-info/requires.txt
[1.094s] writing top-level names to ../../build/sensor_integration/sensor_integration.egg-info/top_level.txt
[1.095s] reading manifest file '../../build/sensor_integration/sensor_integration.egg-info/SOURCES.txt'
[1.098s] writing manifest file '../../build/sensor_integration/sensor_integration.egg-info/SOURCES.txt'
[1.099s] running build
[1.099s] running build_py
[1.099s] running install
[1.099s] running install_lib
[1.099s] running install_data
[1.099s] running install_egg_info
[1.099s] removing '/home/jivankesan/watdig2024/install/sensor_integration/lib/python3.10/site-packages/sensor_integration-0.0.0-py3.10.egg-info' (and everything under it)
[1.099s] Copying ../../build/sensor_integration/sensor_integration.egg-info to /home/jivankesan/watdig2024/install/sensor_integration/lib/python3.10/site-packages/sensor_integration-0.0.0-py3.10.egg-info
[1.099s] running install_scripts
[1.110s] writing list of installed files to '/home/jivankesan/watdig2024/build/sensor_integration/install.log'
[1.226s] Invoked command in '/home/jivankesan/watdig2024/src/sensor_integration' returned '0': PYTHONPATH=/home/jivankesan/watdig2024/build/sensor_integration/prefix_override:/home/jivankesan/watdig2024/install/sensor_integration/lib/python3.10/site-packages:${PYTHONPATH} /usr/bin/python3 setup.py egg_info --egg-base ../../build/sensor_integration build --build-base /home/jivankesan/watdig2024/build/sensor_integration/build install --record /home/jivankesan/watdig2024/build/sensor_integration/install.log --single-version-externally-managed
