[1.068s] Invoking command in '/home/jivankesan/watdig2024/src/controls': PYTHONPATH=/home/jivankesan/watdig2024/build/controls/prefix_override:/home/jivankesan/watdig2024/install/controls/lib/python3.10/site-packages:${PYTHONPATH} /usr/bin/python3 setup.py egg_info --egg-base ../../build/controls build --build-base /home/jivankesan/watdig2024/build/controls/build install --record /home/jivankesan/watdig2024/build/controls/install.log --single-version-externally-managed
[1.198s] running egg_info
[1.199s] writing ../../build/controls/controls.egg-info/PKG-INFO
[1.199s] writing dependency_links to ../../build/controls/controls.egg-info/dependency_links.txt
[1.199s] writing entry points to ../../build/controls/controls.egg-info/entry_points.txt
[1.199s] writing requirements to ../../build/controls/controls.egg-info/requires.txt
[1.199s] writing top-level names to ../../build/controls/controls.egg-info/top_level.txt
[1.201s] reading manifest file '../../build/controls/controls.egg-info/SOURCES.txt'
[1.201s] writing manifest file '../../build/controls/controls.egg-info/SOURCES.txt'
[1.201s] running build
[1.201s] running build_py
[1.202s] running install
[1.202s] running install_lib
[1.203s] running install_data
[1.203s] running install_egg_info
[1.204s] removing '/home/jivankesan/watdig2024/install/controls/lib/python3.10/site-packages/controls-0.0.0-py3.10.egg-info' (and everything under it)
[1.204s] Copying ../../build/controls/controls.egg-info to /home/jivankesan/watdig2024/install/controls/lib/python3.10/site-packages/controls-0.0.0-py3.10.egg-info
[1.204s] running install_scripts
[1.216s] writing list of installed files to '/home/jivankesan/watdig2024/build/controls/install.log'
[1.301s] Invoked command in '/home/jivankesan/watdig2024/src/controls' returned '0': PYTHONPATH=/home/jivankesan/watdig2024/build/controls/prefix_override:/home/jivankesan/watdig2024/install/controls/lib/python3.10/site-packages:${PYTHONPATH} /usr/bin/python3 setup.py egg_info --egg-base ../../build/controls build --build-base /home/jivankesan/watdig2024/build/controls/build install --record /home/jivankesan/watdig2024/build/controls/install.log --single-version-externally-managed
