running egg_info
creating ../../build/controls/controls.egg-info
writing ../../build/controls/controls.egg-info/PKG-INFO
writing dependency_links to ../../build/controls/controls.egg-info/dependency_links.txt
writing entry points to ../../build/controls/controls.egg-info/entry_points.txt
writing requirements to ../../build/controls/controls.egg-info/requires.txt
writing top-level names to ../../build/controls/controls.egg-info/top_level.txt
writing manifest file '../../build/controls/controls.egg-info/SOURCES.txt'
reading manifest file '../../build/controls/controls.egg-info/SOURCES.txt'
writing manifest file '../../build/controls/controls.egg-info/SOURCES.txt'
running build
running build_py
creating /home/jivankesan/watdig2024/build/controls/build
creating /home/jivankesan/watdig2024/build/controls/build/lib
creating /home/jivankesan/watdig2024/build/controls/build/lib/controls
copying controls/__init__.py -> /home/jivankesan/watdig2024/build/controls/build/lib/controls
running install
running install_lib
/usr/lib/python3/dist-packages/setuptools/command/install.py:34: SetuptoolsDeprecationWarning: setup.py install is deprecated. Use build and pip and other standards-based tools.
  warnings.warn(
creating /home/jivankesan/watdig2024/install/controls/lib/python3.10/site-packages/controls
copying /home/jivankesan/watdig2024/build/controls/build/lib/controls/__init__.py -> /home/jivankesan/watdig2024/install/controls/lib/python3.10/site-packages/controls
byte-compiling /home/jivankesan/watdig2024/install/controls/lib/python3.10/site-packages/controls/__init__.py to __init__.cpython-310.pyc
running install_data
creating /home/jivankesan/watdig2024/install/controls/share/ament_index
creating /home/jivankesan/watdig2024/install/controls/share/ament_index/resource_index
creating /home/jivankesan/watdig2024/install/controls/share/ament_index/resource_index/packages
copying resource/controls -> /home/jivankesan/watdig2024/install/controls/share/ament_index/resource_index/packages
copying package.xml -> /home/jivankesan/watdig2024/install/controls/share/controls
running install_egg_info
Copying ../../build/controls/controls.egg-info to /home/jivankesan/watdig2024/install/controls/lib/python3.10/site-packages/controls-0.0.0-py3.10.egg-info
running install_scripts
writing list of installed files to '/home/jivankesan/watdig2024/build/controls/install.log'
