[0.992s] Invoking command in '/home/jivankesan/watdig2024/src/navigation': PYTHONPATH=/home/jivankesan/watdig2024/build/navigation/prefix_override:/home/jivankesan/watdig2024/install/navigation/lib/python3.10/site-packages:${PYTHONPATH} /usr/bin/python3 setup.py egg_info --egg-base ../../build/navigation build --build-base /home/jivankesan/watdig2024/build/navigation/build install --record /home/jivankesan/watdig2024/build/navigation/install.log --single-version-externally-managed
[1.116s] running egg_info
[1.116s] writing ../../build/navigation/navigation.egg-info/PKG-INFO
[1.116s] writing dependency_links to ../../build/navigation/navigation.egg-info/dependency_links.txt
[1.116s] writing entry points to ../../build/navigation/navigation.egg-info/entry_points.txt
[1.116s] writing requirements to ../../build/navigation/navigation.egg-info/requires.txt
[1.116s] writing top-level names to ../../build/navigation/navigation.egg-info/top_level.txt
[1.118s] reading manifest file '../../build/navigation/navigation.egg-info/SOURCES.txt'
[1.118s] writing manifest file '../../build/navigation/navigation.egg-info/SOURCES.txt'
[1.118s] running build
[1.119s] running build_py
[1.119s] running install
[1.119s] running install_lib
[1.119s] running install_data
[1.119s] running install_egg_info
[1.121s] removing '/home/jivankesan/watdig2024/install/navigation/lib/python3.10/site-packages/navigation-0.0.0-py3.10.egg-info' (and everything under it)
[1.121s] Copying ../../build/navigation/navigation.egg-info to /home/jivankesan/watdig2024/install/navigation/lib/python3.10/site-packages/navigation-0.0.0-py3.10.egg-info
[1.121s] running install_scripts
[1.132s] writing list of installed files to '/home/jivankesan/watdig2024/build/navigation/install.log'
[1.151s] Invoked command in '/home/jivankesan/watdig2024/src/navigation' returned '0': PYTHONPATH=/home/jivankesan/watdig2024/build/navigation/prefix_override:/home/jivankesan/watdig2024/install/navigation/lib/python3.10/site-packages:${PYTHONPATH} /usr/bin/python3 setup.py egg_info --egg-base ../../build/navigation build --build-base /home/jivankesan/watdig2024/build/navigation/build install --record /home/jivankesan/watdig2024/build/navigation/install.log --single-version-externally-managed
