[1.032s] Invoking command in '/home/jivankesan/watdig2024/src/localization': PYTHONPATH=/home/jivankesan/watdig2024/build/localization/prefix_override:/home/jivankesan/watdig2024/install/localization/lib/python3.10/site-packages:${PYTHONPATH} /usr/bin/python3 setup.py egg_info --egg-base ../../build/localization build --build-base /home/jivankesan/watdig2024/build/localization/build install --record /home/jivankesan/watdig2024/build/localization/install.log --single-version-externally-managed
[1.154s] running egg_info
[1.154s] writing ../../build/localization/localization.egg-info/PKG-INFO
[1.154s] writing dependency_links to ../../build/localization/localization.egg-info/dependency_links.txt
[1.154s] writing entry points to ../../build/localization/localization.egg-info/entry_points.txt
[1.154s] writing requirements to ../../build/localization/localization.egg-info/requires.txt
[1.154s] writing top-level names to ../../build/localization/localization.egg-info/top_level.txt
[1.155s] reading manifest file '../../build/localization/localization.egg-info/SOURCES.txt'
[1.156s] writing manifest file '../../build/localization/localization.egg-info/SOURCES.txt'
[1.156s] running build
[1.156s] running build_py
[1.156s] running install
[1.156s] running install_lib
[1.157s] running install_data
[1.157s] running install_egg_info
[1.157s] removing '/home/jivankesan/watdig2024/install/localization/lib/python3.10/site-packages/localization-0.0.0-py3.10.egg-info' (and everything under it)
[1.157s] Copying ../../build/localization/localization.egg-info to /home/jivankesan/watdig2024/install/localization/lib/python3.10/site-packages/localization-0.0.0-py3.10.egg-info
[1.158s] running install_scripts
[1.168s] writing list of installed files to '/home/jivankesan/watdig2024/build/localization/install.log'
[1.244s] Invoked command in '/home/jivankesan/watdig2024/src/localization' returned '0': PYTHONPATH=/home/jivankesan/watdig2024/build/localization/prefix_override:/home/jivankesan/watdig2024/install/localization/lib/python3.10/site-packages:${PYTHONPATH} /usr/bin/python3 setup.py egg_info --egg-base ../../build/localization build --build-base /home/jivankesan/watdig2024/build/localization/build install --record /home/jivankesan/watdig2024/build/localization/install.log --single-version-externally-managed
