[0.388s] DEBUG:colcon:Command line arguments: ['/usr/bin/colcon', 'build']
[0.388s] DEBUG:colcon:Parsed command line arguments: Namespace(log_base=None, log_level=None, verb_name='build', build_base='build', install_base='install', merge_install=False, symlink_install=False, test_result_base=None, continue_on_error=False, executor='parallel', parallel_workers=8, event_handlers=None, ignore_user_meta=False, metas=['./colcon.meta'], base_paths=['.'], packages_ignore=None, packages_ignore_regex=None, paths=None, packages_up_to=None, packages_up_to_regex=None, packages_above=None, packages_above_and_dependencies=None, packages_above_depth=None, packages_select_by_dep=None, packages_skip_by_dep=None, packages_skip_up_to=None, packages_select_build_failed=False, packages_skip_build_finished=False, packages_select_test_failures=False, packages_skip_test_passed=False, packages_select=None, packages_skip=None, packages_select_regex=None, packages_skip_regex=None, packages_start=None, packages_end=None, allow_overriding=[], cmake_args=None, cmake_target=None, cmake_target_skip_unavailable=False, cmake_clean_cache=False, cmake_clean_first=False, cmake_force_configure=False, ament_cmake_args=None, catkin_cmake_args=None, catkin_skip_building_tests=False, verb_parser=<colcon_defaults.argument_parser.defaults.DefaultArgumentsDecorator object at 0xffffa683aa40>, verb_extension=<colcon_core.verb.build.BuildVerb object at 0xffffa6d67ac0>, main=<bound method BuildVerb.main of <colcon_core.verb.build.BuildVerb object at 0xffffa6d67ac0>>)
[0.407s] Level 1:colcon.colcon_core.package_discovery:discover_packages(colcon_meta) check parameters
[0.407s] Level 1:colcon.colcon_core.package_discovery:discover_packages(recursive) check parameters
[0.407s] Level 1:colcon.colcon_core.package_discovery:discover_packages(ignore) check parameters
[0.407s] Level 1:colcon.colcon_core.package_discovery:discover_packages(path) check parameters
[0.407s] Level 1:colcon.colcon_core.package_discovery:discover_packages(colcon_meta) discover
[0.407s] Level 1:colcon.colcon_core.package_discovery:discover_packages(recursive) discover
[0.407s] INFO:colcon.colcon_core.package_discovery:Crawling recursively for packages in '/home/jivankesan/watdig2024'
[0.407s] Level 1:colcon.colcon_core.package_identification:_identify(.) by extensions ['ignore', 'ignore_ament_install']
[0.407s] Level 1:colcon.colcon_core.package_identification:_identify(.) by extension 'ignore'
[0.407s] Level 1:colcon.colcon_core.package_identification:_identify(.) by extension 'ignore_ament_install'
[0.407s] Level 1:colcon.colcon_core.package_identification:_identify(.) by extensions ['colcon_pkg']
[0.408s] Level 1:colcon.colcon_core.package_identification:_identify(.) by extension 'colcon_pkg'
[0.408s] Level 1:colcon.colcon_core.package_identification:_identify(.) by extensions ['colcon_meta']
[0.408s] Level 1:colcon.colcon_core.package_identification:_identify(.) by extension 'colcon_meta'
[0.408s] Level 1:colcon.colcon_core.package_identification:_identify(.) by extensions ['ros']
[0.408s] Level 1:colcon.colcon_core.package_identification:_identify(.) by extension 'ros'
[0.413s] Level 1:colcon.colcon_core.package_identification:_identify(.) by extensions ['cmake', 'python']
[0.413s] Level 1:colcon.colcon_core.package_identification:_identify(.) by extension 'cmake'
[0.413s] Level 1:colcon.colcon_core.package_identification:_identify(.) by extension 'python'
[0.413s] Level 1:colcon.colcon_core.package_identification:_identify(.) by extensions ['python_setup_py']
[0.413s] Level 1:colcon.colcon_core.package_identification:_identify(.) by extension 'python_setup_py'
[0.413s] Level 1:colcon.colcon_core.package_identification:_identify(build) by extensions ['ignore', 'ignore_ament_install']
[0.413s] Level 1:colcon.colcon_core.package_identification:_identify(build) by extension 'ignore'
[0.413s] Level 1:colcon.colcon_core.package_identification:_identify(build) ignored
[0.413s] Level 1:colcon.colcon_core.package_identification:_identify(install) by extensions ['ignore', 'ignore_ament_install']
[0.414s] Level 1:colcon.colcon_core.package_identification:_identify(install) by extension 'ignore'
[0.414s] Level 1:colcon.colcon_core.package_identification:_identify(install) ignored
[0.414s] Level 1:colcon.colcon_core.package_identification:_identify(log) by extensions ['ignore', 'ignore_ament_install']
[0.414s] Level 1:colcon.colcon_core.package_identification:_identify(log) by extension 'ignore'
[0.414s] Level 1:colcon.colcon_core.package_identification:_identify(log) ignored
[0.414s] Level 1:colcon.colcon_core.package_identification:_identify(src) by extensions ['ignore', 'ignore_ament_install']
[0.414s] Level 1:colcon.colcon_core.package_identification:_identify(src) by extension 'ignore'
[0.414s] Level 1:colcon.colcon_core.package_identification:_identify(src) by extension 'ignore_ament_install'
[0.414s] Level 1:colcon.colcon_core.package_identification:_identify(src) by extensions ['colcon_pkg']
[0.414s] Level 1:colcon.colcon_core.package_identification:_identify(src) by extension 'colcon_pkg'
[0.414s] Level 1:colcon.colcon_core.package_identification:_identify(src) by extensions ['colcon_meta']
[0.414s] Level 1:colcon.colcon_core.package_identification:_identify(src) by extension 'colcon_meta'
[0.414s] Level 1:colcon.colcon_core.package_identification:_identify(src) by extensions ['ros']
[0.414s] Level 1:colcon.colcon_core.package_identification:_identify(src) by extension 'ros'
[0.414s] Level 1:colcon.colcon_core.package_identification:_identify(src) by extensions ['cmake', 'python']
[0.414s] Level 1:colcon.colcon_core.package_identification:_identify(src) by extension 'cmake'
[0.414s] Level 1:colcon.colcon_core.package_identification:_identify(src) by extension 'python'
[0.414s] Level 1:colcon.colcon_core.package_identification:_identify(src) by extensions ['python_setup_py']
[0.414s] Level 1:colcon.colcon_core.package_identification:_identify(src) by extension 'python_setup_py'
[0.414s] Level 1:colcon.colcon_core.package_identification:_identify(src/communication) by extensions ['ignore', 'ignore_ament_install']
[0.414s] Level 1:colcon.colcon_core.package_identification:_identify(src/communication) by extension 'ignore'
[0.414s] Level 1:colcon.colcon_core.package_identification:_identify(src/communication) by extension 'ignore_ament_install'
[0.414s] Level 1:colcon.colcon_core.package_identification:_identify(src/communication) by extensions ['colcon_pkg']
[0.414s] Level 1:colcon.colcon_core.package_identification:_identify(src/communication) by extension 'colcon_pkg'
[0.414s] Level 1:colcon.colcon_core.package_identification:_identify(src/communication) by extensions ['colcon_meta']
[0.414s] Level 1:colcon.colcon_core.package_identification:_identify(src/communication) by extension 'colcon_meta'
[0.414s] Level 1:colcon.colcon_core.package_identification:_identify(src/communication) by extensions ['ros']
[0.414s] Level 1:colcon.colcon_core.package_identification:_identify(src/communication) by extension 'ros'
[0.417s] DEBUG:colcon.colcon_core.package_identification:Package 'src/communication' with type 'ros.ament_python' and name 'communication'
[0.417s] Level 1:colcon.colcon_core.package_identification:_identify(src/controls) by extensions ['ignore', 'ignore_ament_install']
[0.417s] Level 1:colcon.colcon_core.package_identification:_identify(src/controls) by extension 'ignore'
[0.417s] Level 1:colcon.colcon_core.package_identification:_identify(src/controls) by extension 'ignore_ament_install'
[0.417s] Level 1:colcon.colcon_core.package_identification:_identify(src/controls) by extensions ['colcon_pkg']
[0.417s] Level 1:colcon.colcon_core.package_identification:_identify(src/controls) by extension 'colcon_pkg'
[0.417s] Level 1:colcon.colcon_core.package_identification:_identify(src/controls) by extensions ['colcon_meta']
[0.417s] Level 1:colcon.colcon_core.package_identification:_identify(src/controls) by extension 'colcon_meta'
[0.417s] Level 1:colcon.colcon_core.package_identification:_identify(src/controls) by extensions ['ros']
[0.417s] Level 1:colcon.colcon_core.package_identification:_identify(src/controls) by extension 'ros'
[0.417s] DEBUG:colcon.colcon_core.package_identification:Package 'src/controls' with type 'ros.ament_python' and name 'controls'
[0.417s] Level 1:colcon.colcon_core.package_identification:_identify(src/localization) by extensions ['ignore', 'ignore_ament_install']
[0.417s] Level 1:colcon.colcon_core.package_identification:_identify(src/localization) by extension 'ignore'
[0.417s] Level 1:colcon.colcon_core.package_identification:_identify(src/localization) by extension 'ignore_ament_install'
[0.417s] Level 1:colcon.colcon_core.package_identification:_identify(src/localization) by extensions ['colcon_pkg']
[0.417s] Level 1:colcon.colcon_core.package_identification:_identify(src/localization) by extension 'colcon_pkg'
[0.417s] Level 1:colcon.colcon_core.package_identification:_identify(src/localization) by extensions ['colcon_meta']
[0.417s] Level 1:colcon.colcon_core.package_identification:_identify(src/localization) by extension 'colcon_meta'
[0.417s] Level 1:colcon.colcon_core.package_identification:_identify(src/localization) by extensions ['ros']
[0.417s] Level 1:colcon.colcon_core.package_identification:_identify(src/localization) by extension 'ros'
[0.418s] DEBUG:colcon.colcon_core.package_identification:Package 'src/localization' with type 'ros.ament_python' and name 'localization'
[0.418s] Level 1:colcon.colcon_core.package_identification:_identify(src/navigation) by extensions ['ignore', 'ignore_ament_install']
[0.418s] Level 1:colcon.colcon_core.package_identification:_identify(src/navigation) by extension 'ignore'
[0.418s] Level 1:colcon.colcon_core.package_identification:_identify(src/navigation) by extension 'ignore_ament_install'
[0.418s] Level 1:colcon.colcon_core.package_identification:_identify(src/navigation) by extensions ['colcon_pkg']
[0.418s] Level 1:colcon.colcon_core.package_identification:_identify(src/navigation) by extension 'colcon_pkg'
[0.418s] Level 1:colcon.colcon_core.package_identification:_identify(src/navigation) by extensions ['colcon_meta']
[0.418s] Level 1:colcon.colcon_core.package_identification:_identify(src/navigation) by extension 'colcon_meta'
[0.418s] Level 1:colcon.colcon_core.package_identification:_identify(src/navigation) by extensions ['ros']
[0.418s] Level 1:colcon.colcon_core.package_identification:_identify(src/navigation) by extension 'ros'
[0.418s] DEBUG:colcon.colcon_core.package_identification:Package 'src/navigation' with type 'ros.ament_python' and name 'navigation'
[0.418s] Level 1:colcon.colcon_core.package_identification:_identify(src/sensor_integration) by extensions ['ignore', 'ignore_ament_install']
[0.418s] Level 1:colcon.colcon_core.package_identification:_identify(src/sensor_integration) by extension 'ignore'
[0.418s] Level 1:colcon.colcon_core.package_identification:_identify(src/sensor_integration) by extension 'ignore_ament_install'
[0.418s] Level 1:colcon.colcon_core.package_identification:_identify(src/sensor_integration) by extensions ['colcon_pkg']
[0.418s] Level 1:colcon.colcon_core.package_identification:_identify(src/sensor_integration) by extension 'colcon_pkg'
[0.418s] Level 1:colcon.colcon_core.package_identification:_identify(src/sensor_integration) by extensions ['colcon_meta']
[0.418s] Level 1:colcon.colcon_core.package_identification:_identify(src/sensor_integration) by extension 'colcon_meta'
[0.418s] Level 1:colcon.colcon_core.package_identification:_identify(src/sensor_integration) by extensions ['ros']
[0.418s] Level 1:colcon.colcon_core.package_identification:_identify(src/sensor_integration) by extension 'ros'
[0.418s] DEBUG:colcon.colcon_core.package_identification:Package 'src/sensor_integration' with type 'ros.ament_python' and name 'sensor_integration'
[0.418s] Level 1:colcon.colcon_core.package_discovery:discover_packages(recursive) using defaults
[0.418s] Level 1:colcon.colcon_core.package_discovery:discover_packages(ignore) discover
[0.418s] Level 1:colcon.colcon_core.package_discovery:discover_packages(ignore) using defaults
[0.418s] Level 1:colcon.colcon_core.package_discovery:discover_packages(path) discover
[0.418s] Level 1:colcon.colcon_core.package_discovery:discover_packages(path) using defaults
[0.452s] Level 1:colcon.colcon_core.package_discovery:discover_packages(prefix_path) check parameters
[0.452s] Level 1:colcon.colcon_core.package_discovery:discover_packages(prefix_path) discover
[0.462s] DEBUG:colcon.colcon_installed_package_information.package_discovery:Found 0 installed packages in /home/jivankesan/watdig/install
[0.468s] DEBUG:colcon.colcon_installed_package_information.package_discovery:Found 350 installed packages in /opt/ros/humble
[0.469s] Level 1:colcon.colcon_core.package_discovery:discover_packages(prefix_path) using defaults
[0.518s] Level 5:colcon.colcon_core.verb:set package 'communication' build argument 'cmake_args' from command line to 'None'
[0.518s] Level 5:colcon.colcon_core.verb:set package 'communication' build argument 'cmake_target' from command line to 'None'
[0.518s] Level 5:colcon.colcon_core.verb:set package 'communication' build argument 'cmake_target_skip_unavailable' from command line to 'False'
[0.518s] Level 5:colcon.colcon_core.verb:set package 'communication' build argument 'cmake_clean_cache' from command line to 'False'
[0.518s] Level 5:colcon.colcon_core.verb:set package 'communication' build argument 'cmake_clean_first' from command line to 'False'
[0.518s] Level 5:colcon.colcon_core.verb:set package 'communication' build argument 'cmake_force_configure' from command line to 'False'
[0.518s] Level 5:colcon.colcon_core.verb:set package 'communication' build argument 'ament_cmake_args' from command line to 'None'
[0.518s] Level 5:colcon.colcon_core.verb:set package 'communication' build argument 'catkin_cmake_args' from command line to 'None'
[0.518s] Level 5:colcon.colcon_core.verb:set package 'communication' build argument 'catkin_skip_building_tests' from command line to 'False'
[0.518s] DEBUG:colcon.colcon_core.verb:Building package 'communication' with the following arguments: {'ament_cmake_args': None, 'build_base': '/home/jivankesan/watdig2024/build/communication', 'catkin_cmake_args': None, 'catkin_skip_building_tests': False, 'cmake_args': None, 'cmake_clean_cache': False, 'cmake_clean_first': False, 'cmake_force_configure': False, 'cmake_target': None, 'cmake_target_skip_unavailable': False, 'install_base': '/home/jivankesan/watdig2024/install/communication', 'merge_install': False, 'path': '/home/jivankesan/watdig2024/src/communication', 'symlink_install': False, 'test_result_base': None}
[0.523s] Level 5:colcon.colcon_core.verb:set package 'controls' build argument 'cmake_args' from command line to 'None'
[0.523s] Level 5:colcon.colcon_core.verb:set package 'controls' build argument 'cmake_target' from command line to 'None'
[0.523s] Level 5:colcon.colcon_core.verb:set package 'controls' build argument 'cmake_target_skip_unavailable' from command line to 'False'
[0.523s] Level 5:colcon.colcon_core.verb:set package 'controls' build argument 'cmake_clean_cache' from command line to 'False'
[0.523s] Level 5:colcon.colcon_core.verb:set package 'controls' build argument 'cmake_clean_first' from command line to 'False'
[0.523s] Level 5:colcon.colcon_core.verb:set package 'controls' build argument 'cmake_force_configure' from command line to 'False'
[0.523s] Level 5:colcon.colcon_core.verb:set package 'controls' build argument 'ament_cmake_args' from command line to 'None'
[0.523s] Level 5:colcon.colcon_core.verb:set package 'controls' build argument 'catkin_cmake_args' from command line to 'None'
[0.523s] Level 5:colcon.colcon_core.verb:set package 'controls' build argument 'catkin_skip_building_tests' from command line to 'False'
[0.523s] DEBUG:colcon.colcon_core.verb:Building package 'controls' with the following arguments: {'ament_cmake_args': None, 'build_base': '/home/jivankesan/watdig2024/build/controls', 'catkin_cmake_args': None, 'catkin_skip_building_tests': False, 'cmake_args': None, 'cmake_clean_cache': False, 'cmake_clean_first': False, 'cmake_force_configure': False, 'cmake_target': None, 'cmake_target_skip_unavailable': False, 'install_base': '/home/jivankesan/watdig2024/install/controls', 'merge_install': False, 'path': '/home/jivankesan/watdig2024/src/controls', 'symlink_install': False, 'test_result_base': None}
[0.529s] Level 5:colcon.colcon_core.verb:set package 'localization' build argument 'cmake_args' from command line to 'None'
[0.529s] Level 5:colcon.colcon_core.verb:set package 'localization' build argument 'cmake_target' from command line to 'None'
[0.529s] Level 5:colcon.colcon_core.verb:set package 'localization' build argument 'cmake_target_skip_unavailable' from command line to 'False'
[0.529s] Level 5:colcon.colcon_core.verb:set package 'localization' build argument 'cmake_clean_cache' from command line to 'False'
[0.529s] Level 5:colcon.colcon_core.verb:set package 'localization' build argument 'cmake_clean_first' from command line to 'False'
[0.529s] Level 5:colcon.colcon_core.verb:set package 'localization' build argument 'cmake_force_configure' from command line to 'False'
[0.529s] Level 5:colcon.colcon_core.verb:set package 'localization' build argument 'ament_cmake_args' from command line to 'None'
[0.529s] Level 5:colcon.colcon_core.verb:set package 'localization' build argument 'catkin_cmake_args' from command line to 'None'
[0.529s] Level 5:colcon.colcon_core.verb:set package 'localization' build argument 'catkin_skip_building_tests' from command line to 'False'
[0.529s] DEBUG:colcon.colcon_core.verb:Building package 'localization' with the following arguments: {'ament_cmake_args': None, 'build_base': '/home/jivankesan/watdig2024/build/localization', 'catkin_cmake_args': None, 'catkin_skip_building_tests': False, 'cmake_args': None, 'cmake_clean_cache': False, 'cmake_clean_first': False, 'cmake_force_configure': False, 'cmake_target': None, 'cmake_target_skip_unavailable': False, 'install_base': '/home/jivankesan/watdig2024/install/localization', 'merge_install': False, 'path': '/home/jivankesan/watdig2024/src/localization', 'symlink_install': False, 'test_result_base': None}
[0.534s] Level 5:colcon.colcon_core.verb:set package 'navigation' build argument 'cmake_args' from command line to 'None'
[0.534s] Level 5:colcon.colcon_core.verb:set package 'navigation' build argument 'cmake_target' from command line to 'None'
[0.534s] Level 5:colcon.colcon_core.verb:set package 'navigation' build argument 'cmake_target_skip_unavailable' from command line to 'False'
[0.534s] Level 5:colcon.colcon_core.verb:set package 'navigation' build argument 'cmake_clean_cache' from command line to 'False'
[0.534s] Level 5:colcon.colcon_core.verb:set package 'navigation' build argument 'cmake_clean_first' from command line to 'False'
[0.534s] Level 5:colcon.colcon_core.verb:set package 'navigation' build argument 'cmake_force_configure' from command line to 'False'
[0.534s] Level 5:colcon.colcon_core.verb:set package 'navigation' build argument 'ament_cmake_args' from command line to 'None'
[0.534s] Level 5:colcon.colcon_core.verb:set package 'navigation' build argument 'catkin_cmake_args' from command line to 'None'
[0.534s] Level 5:colcon.colcon_core.verb:set package 'navigation' build argument 'catkin_skip_building_tests' from command line to 'False'
[0.534s] DEBUG:colcon.colcon_core.verb:Building package 'navigation' with the following arguments: {'ament_cmake_args': None, 'build_base': '/home/jivankesan/watdig2024/build/navigation', 'catkin_cmake_args': None, 'catkin_skip_building_tests': False, 'cmake_args': None, 'cmake_clean_cache': False, 'cmake_clean_first': False, 'cmake_force_configure': False, 'cmake_target': None, 'cmake_target_skip_unavailable': False, 'install_base': '/home/jivankesan/watdig2024/install/navigation', 'merge_install': False, 'path': '/home/jivankesan/watdig2024/src/navigation', 'symlink_install': False, 'test_result_base': None}
[0.539s] Level 5:colcon.colcon_core.verb:set package 'sensor_integration' build argument 'cmake_args' from command line to 'None'
[0.539s] Level 5:colcon.colcon_core.verb:set package 'sensor_integration' build argument 'cmake_target' from command line to 'None'
[0.539s] Level 5:colcon.colcon_core.verb:set package 'sensor_integration' build argument 'cmake_target_skip_unavailable' from command line to 'False'
[0.539s] Level 5:colcon.colcon_core.verb:set package 'sensor_integration' build argument 'cmake_clean_cache' from command line to 'False'
[0.539s] Level 5:colcon.colcon_core.verb:set package 'sensor_integration' build argument 'cmake_clean_first' from command line to 'False'
[0.539s] Level 5:colcon.colcon_core.verb:set package 'sensor_integration' build argument 'cmake_force_configure' from command line to 'False'
[0.539s] Level 5:colcon.colcon_core.verb:set package 'sensor_integration' build argument 'ament_cmake_args' from command line to 'None'
[0.539s] Level 5:colcon.colcon_core.verb:set package 'sensor_integration' build argument 'catkin_cmake_args' from command line to 'None'
[0.539s] Level 5:colcon.colcon_core.verb:set package 'sensor_integration' build argument 'catkin_skip_building_tests' from command line to 'False'
[0.539s] DEBUG:colcon.colcon_core.verb:Building package 'sensor_integration' with the following arguments: {'ament_cmake_args': None, 'build_base': '/home/jivankesan/watdig2024/build/sensor_integration', 'catkin_cmake_args': None, 'catkin_skip_building_tests': False, 'cmake_args': None, 'cmake_clean_cache': False, 'cmake_clean_first': False, 'cmake_force_configure': False, 'cmake_target': None, 'cmake_target_skip_unavailable': False, 'install_base': '/home/jivankesan/watdig2024/install/sensor_integration', 'merge_install': False, 'path': '/home/jivankesan/watdig2024/src/sensor_integration', 'symlink_install': False, 'test_result_base': None}
[0.544s] INFO:colcon.colcon_core.executor:Executing jobs using 'parallel' executor
[0.549s] DEBUG:colcon.colcon_parallel_executor.executor.parallel:run_until_complete
[0.549s] INFO:colcon.colcon_ros.task.ament_python.build:Building ROS package in '/home/jivankesan/watdig2024/src/communication' with build type 'ament_python'
[0.549s] Level 1:colcon.colcon_core.shell:create_environment_hook('communication', 'ament_prefix_path')
[0.555s] INFO:colcon.colcon_core.plugin_system:Skipping extension 'colcon_core.shell.bat': Not used on non-Windows systems
[0.555s] INFO:colcon.colcon_core.shell:Creating environment hook '/home/jivankesan/watdig2024/install/communication/share/communication/hook/ament_prefix_path.ps1'
[0.557s] INFO:colcon.colcon_core.shell:Creating environment descriptor '/home/jivankesan/watdig2024/install/communication/share/communication/hook/ament_prefix_path.dsv'
[0.558s] INFO:colcon.colcon_core.shell:Creating environment hook '/home/jivankesan/watdig2024/install/communication/share/communication/hook/ament_prefix_path.sh'
[0.564s] INFO:colcon.colcon_core.shell:Skip shell extension 'powershell' for command environment: Not usable outside of PowerShell
[0.564s] DEBUG:colcon.colcon_core.shell:Skip shell extension 'dsv' for command environment
[0.584s] INFO:colcon.colcon_ros.task.ament_python.build:Building ROS package in '/home/jivankesan/watdig2024/src/controls' with build type 'ament_python'
[0.584s] Level 1:colcon.colcon_core.shell:create_environment_hook('controls', 'ament_prefix_path')
[0.591s] INFO:colcon.colcon_core.shell:Creating environment hook '/home/jivankesan/watdig2024/install/controls/share/controls/hook/ament_prefix_path.ps1'
[0.592s] INFO:colcon.colcon_core.shell:Creating environment descriptor '/home/jivankesan/watdig2024/install/controls/share/controls/hook/ament_prefix_path.dsv'
[0.592s] INFO:colcon.colcon_core.shell:Creating environment hook '/home/jivankesan/watdig2024/install/controls/share/controls/hook/ament_prefix_path.sh'
[0.598s] INFO:colcon.colcon_core.shell:Skip shell extension 'powershell' for command environment: Not usable outside of PowerShell
[0.598s] DEBUG:colcon.colcon_core.shell:Skip shell extension 'dsv' for command environment
[0.618s] INFO:colcon.colcon_ros.task.ament_python.build:Building ROS package in '/home/jivankesan/watdig2024/src/localization' with build type 'ament_python'
[0.618s] Level 1:colcon.colcon_core.shell:create_environment_hook('localization', 'ament_prefix_path')
[0.624s] INFO:colcon.colcon_core.shell:Creating environment hook '/home/jivankesan/watdig2024/install/localization/share/localization/hook/ament_prefix_path.ps1'
[0.624s] INFO:colcon.colcon_core.shell:Creating environment descriptor '/home/jivankesan/watdig2024/install/localization/share/localization/hook/ament_prefix_path.dsv'
[0.624s] INFO:colcon.colcon_core.shell:Creating environment hook '/home/jivankesan/watdig2024/install/localization/share/localization/hook/ament_prefix_path.sh'
[0.631s] INFO:colcon.colcon_core.shell:Skip shell extension 'powershell' for command environment: Not usable outside of PowerShell
[0.631s] DEBUG:colcon.colcon_core.shell:Skip shell extension 'dsv' for command environment
[0.652s] INFO:colcon.colcon_ros.task.ament_python.build:Building ROS package in '/home/jivankesan/watdig2024/src/navigation' with build type 'ament_python'
[0.652s] Level 1:colcon.colcon_core.shell:create_environment_hook('navigation', 'ament_prefix_path')
[0.658s] INFO:colcon.colcon_core.shell:Creating environment hook '/home/jivankesan/watdig2024/install/navigation/share/navigation/hook/ament_prefix_path.ps1'
[0.659s] INFO:colcon.colcon_core.shell:Creating environment descriptor '/home/jivankesan/watdig2024/install/navigation/share/navigation/hook/ament_prefix_path.dsv'
[0.659s] INFO:colcon.colcon_core.shell:Creating environment hook '/home/jivankesan/watdig2024/install/navigation/share/navigation/hook/ament_prefix_path.sh'
[0.664s] INFO:colcon.colcon_core.shell:Skip shell extension 'powershell' for command environment: Not usable outside of PowerShell
[0.664s] DEBUG:colcon.colcon_core.shell:Skip shell extension 'dsv' for command environment
[0.685s] INFO:colcon.colcon_ros.task.ament_python.build:Building ROS package in '/home/jivankesan/watdig2024/src/sensor_integration' with build type 'ament_python'
[0.685s] Level 1:colcon.colcon_core.shell:create_environment_hook('sensor_integration', 'ament_prefix_path')
[0.691s] INFO:colcon.colcon_core.shell:Creating environment hook '/home/jivankesan/watdig2024/install/sensor_integration/share/sensor_integration/hook/ament_prefix_path.ps1'
[0.692s] INFO:colcon.colcon_core.shell:Creating environment descriptor '/home/jivankesan/watdig2024/install/sensor_integration/share/sensor_integration/hook/ament_prefix_path.dsv'
[0.692s] INFO:colcon.colcon_core.shell:Creating environment hook '/home/jivankesan/watdig2024/install/sensor_integration/share/sensor_integration/hook/ament_prefix_path.sh'
[0.698s] INFO:colcon.colcon_core.shell:Skip shell extension 'powershell' for command environment: Not usable outside of PowerShell
[0.698s] DEBUG:colcon.colcon_core.shell:Skip shell extension 'dsv' for command environment
[0.845s] INFO:colcon.colcon_core.task.python.build:Building Python package in '/home/jivankesan/watdig2024/src/communication'
[0.850s] INFO:colcon.colcon_core.shell:Skip shell extension 'powershell' for command environment: Not usable outside of PowerShell
[0.850s] DEBUG:colcon.colcon_core.shell:Skip shell extension 'dsv' for command environment
[0.982s] INFO:colcon.colcon_core.task.python.build:Building Python package in '/home/jivankesan/watdig2024/src/controls'
[0.988s] INFO:colcon.colcon_core.shell:Skip shell extension 'powershell' for command environment: Not usable outside of PowerShell
[0.988s] DEBUG:colcon.colcon_core.shell:Skip shell extension 'dsv' for command environment
[1.121s] INFO:colcon.colcon_core.task.python.build:Building Python package in '/home/jivankesan/watdig2024/src/localization'
[1.127s] INFO:colcon.colcon_core.shell:Skip shell extension 'powershell' for command environment: Not usable outside of PowerShell
[1.127s] DEBUG:colcon.colcon_core.shell:Skip shell extension 'dsv' for command environment
[1.253s] INFO:colcon.colcon_core.task.python.build:Building Python package in '/home/jivankesan/watdig2024/src/navigation'
[1.259s] INFO:colcon.colcon_core.shell:Skip shell extension 'powershell' for command environment: Not usable outside of PowerShell
[1.259s] DEBUG:colcon.colcon_core.shell:Skip shell extension 'dsv' for command environment
[1.388s] INFO:colcon.colcon_core.task.python.build:Building Python package in '/home/jivankesan/watdig2024/src/sensor_integration'
[1.394s] INFO:colcon.colcon_core.shell:Skip shell extension 'powershell' for command environment: Not usable outside of PowerShell
[1.394s] DEBUG:colcon.colcon_core.shell:Skip shell extension 'dsv' for command environment
[1.609s] DEBUG:colcon.colcon_core.event_handler.log_command:Invoking command in '/home/jivankesan/watdig2024/src/sensor_integration': PYTHONPATH=/home/jivankesan/watdig2024/build/sensor_integration/prefix_override:/home/jivankesan/watdig2024/install/sensor_integration/lib/python3.10/site-packages:${PYTHONPATH} /usr/bin/python3 setup.py egg_info --egg-base ../../build/sensor_integration build --build-base /home/jivankesan/watdig2024/build/sensor_integration/build install --record /home/jivankesan/watdig2024/build/sensor_integration/install.log --single-version-externally-managed
[1.616s] DEBUG:colcon.colcon_core.event_handler.log_command:Invoking command in '/home/jivankesan/watdig2024/src/controls': PYTHONPATH=/home/jivankesan/watdig2024/build/controls/prefix_override:/home/jivankesan/watdig2024/install/controls/lib/python3.10/site-packages:${PYTHONPATH} /usr/bin/python3 setup.py egg_info --egg-base ../../build/controls build --build-base /home/jivankesan/watdig2024/build/controls/build install --record /home/jivankesan/watdig2024/build/controls/install.log --single-version-externally-managed
[1.624s] DEBUG:colcon.colcon_core.event_handler.log_command:Invoking command in '/home/jivankesan/watdig2024/src/navigation': PYTHONPATH=/home/jivankesan/watdig2024/build/navigation/prefix_override:/home/jivankesan/watdig2024/install/navigation/lib/python3.10/site-packages:${PYTHONPATH} /usr/bin/python3 setup.py egg_info --egg-base ../../build/navigation build --build-base /home/jivankesan/watdig2024/build/navigation/build install --record /home/jivankesan/watdig2024/build/navigation/install.log --single-version-externally-managed
[1.628s] DEBUG:colcon.colcon_core.event_handler.log_command:Invoking command in '/home/jivankesan/watdig2024/src/communication': PYTHONPATH=/home/jivankesan/watdig2024/build/communication/prefix_override:/home/jivankesan/watdig2024/install/communication/lib/python3.10/site-packages:${PYTHONPATH} /usr/bin/python3 setup.py egg_info --egg-base ../../build/communication build --build-base /home/jivankesan/watdig2024/build/communication/build install --record /home/jivankesan/watdig2024/build/communication/install.log --single-version-externally-managed
[1.628s] DEBUG:colcon.colcon_core.event_handler.log_command:Invoking command in '/home/jivankesan/watdig2024/src/localization': PYTHONPATH=/home/jivankesan/watdig2024/build/localization/prefix_override:/home/jivankesan/watdig2024/install/localization/lib/python3.10/site-packages:${PYTHONPATH} /usr/bin/python3 setup.py egg_info --egg-base ../../build/localization build --build-base /home/jivankesan/watdig2024/build/localization/build install --record /home/jivankesan/watdig2024/build/localization/install.log --single-version-externally-managed
[1.756s] DEBUG:colcon.colcon_core.event_handler.log_command:Invoked command in '/home/jivankesan/watdig2024/src/sensor_integration' returned '0': PYTHONPATH=/home/jivankesan/watdig2024/build/sensor_integration/prefix_override:/home/jivankesan/watdig2024/install/sensor_integration/lib/python3.10/site-packages:${PYTHONPATH} /usr/bin/python3 setup.py egg_info --egg-base ../../build/sensor_integration build --build-base /home/jivankesan/watdig2024/build/sensor_integration/build install --record /home/jivankesan/watdig2024/build/sensor_integration/install.log --single-version-externally-managed
[1.770s] Level 1:colcon.colcon_core.environment:checking '/home/jivankesan/watdig2024/install/sensor_integration' for CMake module files
[1.771s] Level 1:colcon.colcon_core.environment:checking '/home/jivankesan/watdig2024/install/sensor_integration' for CMake config files
[1.771s] Level 1:colcon.colcon_core.environment:checking '/home/jivankesan/watdig2024/install/sensor_integration/lib'
[1.771s] Level 1:colcon.colcon_core.environment:checking '/home/jivankesan/watdig2024/install/sensor_integration/bin'
[1.771s] Level 1:colcon.colcon_core.environment:checking '/home/jivankesan/watdig2024/install/sensor_integration/lib/pkgconfig/sensor_integration.pc'
[1.771s] Level 1:colcon.colcon_core.environment:checking '/home/jivankesan/watdig2024/install/sensor_integration/lib/python3.10/site-packages'
[1.771s] Level 1:colcon.colcon_core.shell:create_environment_hook('sensor_integration', 'pythonpath')
[1.778s] INFO:colcon.colcon_core.shell:Creating environment hook '/home/jivankesan/watdig2024/install/sensor_integration/share/sensor_integration/hook/pythonpath.ps1'
[1.778s] INFO:colcon.colcon_core.shell:Creating environment descriptor '/home/jivankesan/watdig2024/install/sensor_integration/share/sensor_integration/hook/pythonpath.dsv'
[1.778s] INFO:colcon.colcon_core.shell:Creating environment hook '/home/jivankesan/watdig2024/install/sensor_integration/share/sensor_integration/hook/pythonpath.sh'
[1.778s] Level 1:colcon.colcon_core.environment:checking '/home/jivankesan/watdig2024/install/sensor_integration/bin'
[1.778s] Level 1:colcon.colcon_core.environment:create_environment_scripts_only(sensor_integration)
[1.784s] INFO:colcon.colcon_core.shell:Creating package script '/home/jivankesan/watdig2024/install/sensor_integration/share/sensor_integration/package.ps1'
[1.786s] INFO:colcon.colcon_core.shell:Creating package descriptor '/home/jivankesan/watdig2024/install/sensor_integration/share/sensor_integration/package.dsv'
[1.787s] INFO:colcon.colcon_core.shell:Creating package script '/home/jivankesan/watdig2024/install/sensor_integration/share/sensor_integration/package.sh'
[1.788s] INFO:colcon.colcon_core.shell:Creating package script '/home/jivankesan/watdig2024/install/sensor_integration/share/sensor_integration/package.bash'
[1.788s] INFO:colcon.colcon_core.shell:Creating package script '/home/jivankesan/watdig2024/install/sensor_integration/share/sensor_integration/package.zsh'
[1.789s] Level 1:colcon.colcon_core.environment:create_file_with_runtime_dependencies(/home/jivankesan/watdig2024/install/sensor_integration/share/colcon-core/packages/sensor_integration)
[1.791s] DEBUG:colcon.colcon_core.event_handler.log_command:Invoked command in '/home/jivankesan/watdig2024/src/communication' returned '0': PYTHONPATH=/home/jivankesan/watdig2024/build/communication/prefix_override:/home/jivankesan/watdig2024/install/communication/lib/python3.10/site-packages:${PYTHONPATH} /usr/bin/python3 setup.py egg_info --egg-base ../../build/communication build --build-base /home/jivankesan/watdig2024/build/communication/build install --record /home/jivankesan/watdig2024/build/communication/install.log --single-version-externally-managed
[1.797s] Level 1:colcon.colcon_core.environment:checking '/home/jivankesan/watdig2024/install/communication' for CMake module files
[1.797s] Level 1:colcon.colcon_core.environment:checking '/home/jivankesan/watdig2024/install/communication' for CMake config files
[1.797s] Level 1:colcon.colcon_core.environment:checking '/home/jivankesan/watdig2024/install/communication/lib'
[1.797s] Level 1:colcon.colcon_core.environment:checking '/home/jivankesan/watdig2024/install/communication/bin'
[1.797s] Level 1:colcon.colcon_core.environment:checking '/home/jivankesan/watdig2024/install/communication/lib/pkgconfig/communication.pc'
[1.798s] Level 1:colcon.colcon_core.environment:checking '/home/jivankesan/watdig2024/install/communication/lib/python3.10/site-packages'
[1.798s] Level 1:colcon.colcon_core.shell:create_environment_hook('communication', 'pythonpath')
[1.803s] INFO:colcon.colcon_core.shell:Creating environment hook '/home/jivankesan/watdig2024/install/communication/share/communication/hook/pythonpath.ps1'
[1.804s] INFO:colcon.colcon_core.shell:Creating environment descriptor '/home/jivankesan/watdig2024/install/communication/share/communication/hook/pythonpath.dsv'
[1.804s] INFO:colcon.colcon_core.shell:Creating environment hook '/home/jivankesan/watdig2024/install/communication/share/communication/hook/pythonpath.sh'
[1.804s] Level 1:colcon.colcon_core.environment:checking '/home/jivankesan/watdig2024/install/communication/bin'
[1.804s] Level 1:colcon.colcon_core.environment:create_environment_scripts_only(communication)
[1.810s] INFO:colcon.colcon_core.shell:Creating package script '/home/jivankesan/watdig2024/install/communication/share/communication/package.ps1'
[1.810s] INFO:colcon.colcon_core.shell:Creating package descriptor '/home/jivankesan/watdig2024/install/communication/share/communication/package.dsv'
[1.811s] INFO:colcon.colcon_core.shell:Creating package script '/home/jivankesan/watdig2024/install/communication/share/communication/package.sh'
[1.811s] INFO:colcon.colcon_core.shell:Creating package script '/home/jivankesan/watdig2024/install/communication/share/communication/package.bash'
[1.811s] INFO:colcon.colcon_core.shell:Creating package script '/home/jivankesan/watdig2024/install/communication/share/communication/package.zsh'
[1.811s] Level 1:colcon.colcon_core.environment:create_file_with_runtime_dependencies(/home/jivankesan/watdig2024/install/communication/share/colcon-core/packages/communication)
[1.812s] DEBUG:colcon.colcon_core.event_handler.log_command:Invoked command in '/home/jivankesan/watdig2024/src/localization' returned '0': PYTHONPATH=/home/jivankesan/watdig2024/build/localization/prefix_override:/home/jivankesan/watdig2024/install/localization/lib/python3.10/site-packages:${PYTHONPATH} /usr/bin/python3 setup.py egg_info --egg-base ../../build/localization build --build-base /home/jivankesan/watdig2024/build/localization/build install --record /home/jivankesan/watdig2024/build/localization/install.log --single-version-externally-managed
[1.818s] Level 1:colcon.colcon_core.environment:checking '/home/jivankesan/watdig2024/install/localization' for CMake module files
[1.818s] Level 1:colcon.colcon_core.environment:checking '/home/jivankesan/watdig2024/install/localization' for CMake config files
[1.818s] Level 1:colcon.colcon_core.environment:checking '/home/jivankesan/watdig2024/install/localization/lib'
[1.818s] Level 1:colcon.colcon_core.environment:checking '/home/jivankesan/watdig2024/install/localization/bin'
[1.818s] Level 1:colcon.colcon_core.environment:checking '/home/jivankesan/watdig2024/install/localization/lib/pkgconfig/localization.pc'
[1.818s] Level 1:colcon.colcon_core.environment:checking '/home/jivankesan/watdig2024/install/localization/lib/python3.10/site-packages'
[1.819s] Level 1:colcon.colcon_core.shell:create_environment_hook('localization', 'pythonpath')
[1.824s] INFO:colcon.colcon_core.shell:Creating environment hook '/home/jivankesan/watdig2024/install/localization/share/localization/hook/pythonpath.ps1'
[1.825s] INFO:colcon.colcon_core.shell:Creating environment descriptor '/home/jivankesan/watdig2024/install/localization/share/localization/hook/pythonpath.dsv'
[1.826s] INFO:colcon.colcon_core.shell:Creating environment hook '/home/jivankesan/watdig2024/install/localization/share/localization/hook/pythonpath.sh'
[1.826s] Level 1:colcon.colcon_core.environment:checking '/home/jivankesan/watdig2024/install/localization/bin'
[1.826s] Level 1:colcon.colcon_core.environment:create_environment_scripts_only(localization)
[1.832s] INFO:colcon.colcon_core.shell:Creating package script '/home/jivankesan/watdig2024/install/localization/share/localization/package.ps1'
[1.833s] INFO:colcon.colcon_core.shell:Creating package descriptor '/home/jivankesan/watdig2024/install/localization/share/localization/package.dsv'
[1.833s] INFO:colcon.colcon_core.shell:Creating package script '/home/jivankesan/watdig2024/install/localization/share/localization/package.sh'
[1.833s] INFO:colcon.colcon_core.shell:Creating package script '/home/jivankesan/watdig2024/install/localization/share/localization/package.bash'
[1.833s] INFO:colcon.colcon_core.shell:Creating package script '/home/jivankesan/watdig2024/install/localization/share/localization/package.zsh'
[1.833s] Level 1:colcon.colcon_core.environment:create_file_with_runtime_dependencies(/home/jivankesan/watdig2024/install/localization/share/colcon-core/packages/localization)
[1.835s] DEBUG:colcon.colcon_core.event_handler.log_command:Invoked command in '/home/jivankesan/watdig2024/src/navigation' returned '0': PYTHONPATH=/home/jivankesan/watdig2024/build/navigation/prefix_override:/home/jivankesan/watdig2024/install/navigation/lib/python3.10/site-packages:${PYTHONPATH} /usr/bin/python3 setup.py egg_info --egg-base ../../build/navigation build --build-base /home/jivankesan/watdig2024/build/navigation/build install --record /home/jivankesan/watdig2024/build/navigation/install.log --single-version-externally-managed
[1.840s] Level 1:colcon.colcon_core.environment:checking '/home/jivankesan/watdig2024/install/navigation' for CMake module files
[1.841s] Level 1:colcon.colcon_core.environment:checking '/home/jivankesan/watdig2024/install/navigation' for CMake config files
[1.841s] Level 1:colcon.colcon_core.environment:checking '/home/jivankesan/watdig2024/install/navigation/lib'
[1.841s] Level 1:colcon.colcon_core.environment:checking '/home/jivankesan/watdig2024/install/navigation/bin'
[1.841s] Level 1:colcon.colcon_core.environment:checking '/home/jivankesan/watdig2024/install/navigation/lib/pkgconfig/navigation.pc'
[1.841s] Level 1:colcon.colcon_core.environment:checking '/home/jivankesan/watdig2024/install/navigation/lib/python3.10/site-packages'
[1.841s] Level 1:colcon.colcon_core.shell:create_environment_hook('navigation', 'pythonpath')
[1.847s] INFO:colcon.colcon_core.shell:Creating environment hook '/home/jivankesan/watdig2024/install/navigation/share/navigation/hook/pythonpath.ps1'
[1.847s] INFO:colcon.colcon_core.shell:Creating environment descriptor '/home/jivankesan/watdig2024/install/navigation/share/navigation/hook/pythonpath.dsv'
[1.848s] INFO:colcon.colcon_core.shell:Creating environment hook '/home/jivankesan/watdig2024/install/navigation/share/navigation/hook/pythonpath.sh'
[1.848s] Level 1:colcon.colcon_core.environment:checking '/home/jivankesan/watdig2024/install/navigation/bin'
[1.848s] Level 1:colcon.colcon_core.environment:create_environment_scripts_only(navigation)
[1.854s] INFO:colcon.colcon_core.shell:Creating package script '/home/jivankesan/watdig2024/install/navigation/share/navigation/package.ps1'
[1.854s] INFO:colcon.colcon_core.shell:Creating package descriptor '/home/jivankesan/watdig2024/install/navigation/share/navigation/package.dsv'
[1.854s] INFO:colcon.colcon_core.shell:Creating package script '/home/jivankesan/watdig2024/install/navigation/share/navigation/package.sh'
[1.854s] INFO:colcon.colcon_core.shell:Creating package script '/home/jivankesan/watdig2024/install/navigation/share/navigation/package.bash'
[1.854s] INFO:colcon.colcon_core.shell:Creating package script '/home/jivankesan/watdig2024/install/navigation/share/navigation/package.zsh'
[1.855s] Level 1:colcon.colcon_core.environment:create_file_with_runtime_dependencies(/home/jivankesan/watdig2024/install/navigation/share/colcon-core/packages/navigation)
[1.856s] DEBUG:colcon.colcon_core.event_handler.log_command:Invoked command in '/home/jivankesan/watdig2024/src/controls' returned '0': PYTHONPATH=/home/jivankesan/watdig2024/build/controls/prefix_override:/home/jivankesan/watdig2024/install/controls/lib/python3.10/site-packages:${PYTHONPATH} /usr/bin/python3 setup.py egg_info --egg-base ../../build/controls build --build-base /home/jivankesan/watdig2024/build/controls/build install --record /home/jivankesan/watdig2024/build/controls/install.log --single-version-externally-managed
[1.862s] Level 1:colcon.colcon_core.environment:checking '/home/jivankesan/watdig2024/install/controls' for CMake module files
[1.862s] Level 1:colcon.colcon_core.environment:checking '/home/jivankesan/watdig2024/install/controls' for CMake config files
[1.862s] Level 1:colcon.colcon_core.environment:checking '/home/jivankesan/watdig2024/install/controls/lib'
[1.862s] Level 1:colcon.colcon_core.environment:checking '/home/jivankesan/watdig2024/install/controls/bin'
[1.862s] Level 1:colcon.colcon_core.environment:checking '/home/jivankesan/watdig2024/install/controls/lib/pkgconfig/controls.pc'
[1.862s] Level 1:colcon.colcon_core.environment:checking '/home/jivankesan/watdig2024/install/controls/lib/python3.10/site-packages'
[1.863s] Level 1:colcon.colcon_core.shell:create_environment_hook('controls', 'pythonpath')
[1.868s] INFO:colcon.colcon_core.shell:Creating environment hook '/home/jivankesan/watdig2024/install/controls/share/controls/hook/pythonpath.ps1'
[1.869s] INFO:colcon.colcon_core.shell:Creating environment descriptor '/home/jivankesan/watdig2024/install/controls/share/controls/hook/pythonpath.dsv'
[1.869s] INFO:colcon.colcon_core.shell:Creating environment hook '/home/jivankesan/watdig2024/install/controls/share/controls/hook/pythonpath.sh'
[1.869s] Level 1:colcon.colcon_core.environment:checking '/home/jivankesan/watdig2024/install/controls/bin'
[1.869s] Level 1:colcon.colcon_core.environment:create_environment_scripts_only(controls)
[1.876s] INFO:colcon.colcon_core.shell:Creating package script '/home/jivankesan/watdig2024/install/controls/share/controls/package.ps1'
[1.876s] INFO:colcon.colcon_core.shell:Creating package descriptor '/home/jivankesan/watdig2024/install/controls/share/controls/package.dsv'
[1.876s] INFO:colcon.colcon_core.shell:Creating package script '/home/jivankesan/watdig2024/install/controls/share/controls/package.sh'
[1.876s] INFO:colcon.colcon_core.shell:Creating package script '/home/jivankesan/watdig2024/install/controls/share/controls/package.bash'
[1.876s] INFO:colcon.colcon_core.shell:Creating package script '/home/jivankesan/watdig2024/install/controls/share/controls/package.zsh'
[1.876s] Level 1:colcon.colcon_core.environment:create_file_with_runtime_dependencies(/home/jivankesan/watdig2024/install/controls/share/colcon-core/packages/controls)
[1.877s] DEBUG:colcon.colcon_parallel_executor.executor.parallel:closing loop
[1.877s] DEBUG:colcon.colcon_parallel_executor.executor.parallel:loop closed
[1.877s] DEBUG:colcon.colcon_parallel_executor.executor.parallel:run_until_complete finished with '0'
[1.877s] DEBUG:colcon.colcon_core.event_reactor:joining thread
[1.887s] INFO:colcon.colcon_core.plugin_system:Skipping extension 'colcon_notification.desktop_notification.terminal_notifier': Not used on non-Darwin systems
[1.887s] INFO:colcon.colcon_core.plugin_system:Skipping extension 'colcon_notification.desktop_notification.win32': Not used on non-Windows systems
[1.887s] INFO:colcon.colcon_notification.desktop_notification:Sending desktop notification using 'notify2'
[1.896s] DEBUG:colcon.colcon_core.event_reactor:joined thread
[1.903s] INFO:colcon.colcon_core.shell:Creating prefix script '/home/jivankesan/watdig2024/install/local_setup.ps1'
[1.903s] INFO:colcon.colcon_core.shell:Creating prefix util module '/home/jivankesan/watdig2024/install/_local_setup_util_ps1.py'
[1.904s] INFO:colcon.colcon_core.shell:Creating prefix chain script '/home/jivankesan/watdig2024/install/setup.ps1'
[1.911s] INFO:colcon.colcon_core.shell:Creating prefix script '/home/jivankesan/watdig2024/install/local_setup.sh'
[1.911s] INFO:colcon.colcon_core.shell:Creating prefix util module '/home/jivankesan/watdig2024/install/_local_setup_util_sh.py'
[1.912s] INFO:colcon.colcon_core.shell:Creating prefix chain script '/home/jivankesan/watdig2024/install/setup.sh'
[1.918s] INFO:colcon.colcon_core.shell:Creating prefix script '/home/jivankesan/watdig2024/install/local_setup.bash'
[1.919s] INFO:colcon.colcon_core.shell:Creating prefix chain script '/home/jivankesan/watdig2024/install/setup.bash'
[1.926s] INFO:colcon.colcon_core.shell:Creating prefix script '/home/jivankesan/watdig2024/install/local_setup.zsh'
[1.926s] INFO:colcon.colcon_core.shell:Creating prefix chain script '/home/jivankesan/watdig2024/install/setup.zsh'
