running egg_info
creating ../../build/localization/localization.egg-info
writing ../../build/localization/localization.egg-info/PKG-INFO
writing dependency_links to ../../build/localization/localization.egg-info/dependency_links.txt
writing entry points to ../../build/localization/localization.egg-info/entry_points.txt
writing requirements to ../../build/localization/localization.egg-info/requires.txt
writing top-level names to ../../build/localization/localization.egg-info/top_level.txt
writing manifest file '../../build/localization/localization.egg-info/SOURCES.txt'
reading manifest file '../../build/localization/localization.egg-info/SOURCES.txt'
writing manifest file '../../build/localization/localization.egg-info/SOURCES.txt'
running build
running build_py
creating /home/jivankesan/watdig2024/build/localization/build
creating /home/jivankesan/watdig2024/build/localization/build/lib
creating /home/jivankesan/watdig2024/build/localization/build/lib/localization
copying localization/__init__.py -> /home/jivankesan/watdig2024/build/localization/build/lib/localization
/usr/lib/python3/dist-packages/setuptools/command/install.py:34: SetuptoolsDeprecationWarning: setup.py install is deprecated. Use build and pip and other standards-based tools.
  warnings.warn(
running install
running install_lib
creating /home/jivankesan/watdig2024/install/localization/lib/python3.10/site-packages/localization
copying /home/jivankesan/watdig2024/build/localization/build/lib/localization/__init__.py -> /home/jivankesan/watdig2024/install/localization/lib/python3.10/site-packages/localization
byte-compiling /home/jivankesan/watdig2024/install/localization/lib/python3.10/site-packages/localization/__init__.py to __init__.cpython-310.pyc
running install_data
creating /home/jivankesan/watdig2024/install/localization/share/ament_index
creating /home/jivankesan/watdig2024/install/localization/share/ament_index/resource_index
creating /home/jivankesan/watdig2024/install/localization/share/ament_index/resource_index/packages
copying resource/localization -> /home/jivankesan/watdig2024/install/localization/share/ament_index/resource_index/packages
copying package.xml -> /home/jivankesan/watdig2024/install/localization/share/localization
running install_egg_info
Copying ../../build/localization/localization.egg-info to /home/jivankesan/watdig2024/install/localization/lib/python3.10/site-packages/localization-0.0.0-py3.10.egg-info
running install_scripts
writing list of installed files to '/home/jivankesan/watdig2024/build/localization/install.log'
