[1.011s] Invoking command in '/home/jivankesan/watdig2024/src/localization': PYTHONPATH=/home/jivankesan/watdig2024/build/localization/prefix_override:/home/jivankesan/watdig2024/install/localization/lib/python3.10/site-packages:${PYTHONPATH} /usr/bin/python3 setup.py egg_info --egg-base ../../build/localization build --build-base /home/jivankesan/watdig2024/build/localization/build install --record /home/jivankesan/watdig2024/build/localization/install.log --single-version-externally-managed
[1.114s] running egg_info
[1.115s] creating ../../build/localization/localization.egg-info
[1.115s] writing ../../build/localization/localization.egg-info/PKG-INFO
[1.115s] writing dependency_links to ../../build/localization/localization.egg-info/dependency_links.txt
[1.115s] writing entry points to ../../build/localization/localization.egg-info/entry_points.txt
[1.115s] writing requirements to ../../build/localization/localization.egg-info/requires.txt
[1.115s] writing top-level names to ../../build/localization/localization.egg-info/top_level.txt
[1.115s] writing manifest file '../../build/localization/localization.egg-info/SOURCES.txt'
[1.116s] reading manifest file '../../build/localization/localization.egg-info/SOURCES.txt'
[1.116s] writing manifest file '../../build/localization/localization.egg-info/SOURCES.txt'
[1.117s] running build
[1.117s] running build_py
[1.117s] creating /home/jivankesan/watdig2024/build/localization/build
[1.117s] creating /home/jivankesan/watdig2024/build/localization/build/lib
[1.117s] creating /home/jivankesan/watdig2024/build/localization/build/lib/localization
[1.117s] copying localization/__init__.py -> /home/jivankesan/watdig2024/build/localization/build/lib/localization
[1.117s] /usr/lib/python3/dist-packages/setuptools/command/install.py:34: SetuptoolsDeprecationWarning: setup.py install is deprecated. Use build and pip and other standards-based tools.
[1.117s]   warnings.warn(
[1.117s] running install
[1.117s] running install_lib
[1.117s] creating /home/jivankesan/watdig2024/install/localization/lib/python3.10/site-packages/localization
[1.117s] copying /home/jivankesan/watdig2024/build/localization/build/lib/localization/__init__.py -> /home/jivankesan/watdig2024/install/localization/lib/python3.10/site-packages/localization
[1.118s] byte-compiling /home/jivankesan/watdig2024/install/localization/lib/python3.10/site-packages/localization/__init__.py to __init__.cpython-310.pyc
[1.118s] running install_data
[1.118s] creating /home/jivankesan/watdig2024/install/localization/share/ament_index
[1.118s] creating /home/jivankesan/watdig2024/install/localization/share/ament_index/resource_index
[1.118s] creating /home/jivankesan/watdig2024/install/localization/share/ament_index/resource_index/packages
[1.119s] copying resource/localization -> /home/jivankesan/watdig2024/install/localization/share/ament_index/resource_index/packages
[1.119s] copying package.xml -> /home/jivankesan/watdig2024/install/localization/share/localization
[1.119s] running install_egg_info
[1.119s] Copying ../../build/localization/localization.egg-info to /home/jivankesan/watdig2024/install/localization/lib/python3.10/site-packages/localization-0.0.0-py3.10.egg-info
[1.120s] running install_scripts
[1.132s] writing list of installed files to '/home/jivankesan/watdig2024/build/localization/install.log'
[1.194s] Invoked command in '/home/jivankesan/watdig2024/src/localization' returned '0': PYTHONPATH=/home/jivankesan/watdig2024/build/localization/prefix_override:/home/jivankesan/watdig2024/install/localization/lib/python3.10/site-packages:${PYTHONPATH} /usr/bin/python3 setup.py egg_info --egg-base ../../build/localization build --build-base /home/jivankesan/watdig2024/build/localization/build install --record /home/jivankesan/watdig2024/build/localization/install.log --single-version-externally-managed
