running egg_info
creating ../../build/sensor_integration/sensor_integration.egg-info
writing ../../build/sensor_integration/sensor_integration.egg-info/PKG-INFO
writing dependency_links to ../../build/sensor_integration/sensor_integration.egg-info/dependency_links.txt
writing entry points to ../../build/sensor_integration/sensor_integration.egg-info/entry_points.txt
writing requirements to ../../build/sensor_integration/sensor_integration.egg-info/requires.txt
writing top-level names to ../../build/sensor_integration/sensor_integration.egg-info/top_level.txt
writing manifest file '../../build/sensor_integration/sensor_integration.egg-info/SOURCES.txt'
reading manifest file '../../build/sensor_integration/sensor_integration.egg-info/SOURCES.txt'
writing manifest file '../../build/sensor_integration/sensor_integration.egg-info/SOURCES.txt'
running build
running build_py
creating /home/jivankesan/watdig2024/build/sensor_integration/build
creating /home/jivankesan/watdig2024/build/sensor_integration/build/lib
creating /home/jivankesan/watdig2024/build/sensor_integration/build/lib/sensor_integration
copying sensor_integration/__init__.py -> /home/jivankesan/watdig2024/build/sensor_integration/build/lib/sensor_integration
running install
running install_lib
/usr/lib/python3/dist-packages/setuptools/command/install.py:34: SetuptoolsDeprecationWarning: setup.py install is deprecated. Use build and pip and other standards-based tools.
  warnings.warn(
creating /home/jivankesan/watdig2024/install/sensor_integration/lib/python3.10/site-packages/sensor_integration
copying /home/jivankesan/watdig2024/build/sensor_integration/build/lib/sensor_integration/__init__.py -> /home/jivankesan/watdig2024/install/sensor_integration/lib/python3.10/site-packages/sensor_integration
byte-compiling /home/jivankesan/watdig2024/install/sensor_integration/lib/python3.10/site-packages/sensor_integration/__init__.py to __init__.cpython-310.pyc
running install_data
creating /home/jivankesan/watdig2024/install/sensor_integration/share/ament_index
creating /home/jivankesan/watdig2024/install/sensor_integration/share/ament_index/resource_index
creating /home/jivankesan/watdig2024/install/sensor_integration/share/ament_index/resource_index/packages
copying resource/sensor_integration -> /home/jivankesan/watdig2024/install/sensor_integration/share/ament_index/resource_index/packages
copying package.xml -> /home/jivankesan/watdig2024/install/sensor_integration/share/sensor_integration
running install_egg_info
Copying ../../build/sensor_integration/sensor_integration.egg-info to /home/jivankesan/watdig2024/install/sensor_integration/lib/python3.10/site-packages/sensor_integration-0.0.0-py3.10.egg-info
running install_scripts
writing list of installed files to '/home/jivankesan/watdig2024/build/sensor_integration/install.log'
